<?xml version="1.0" encoding="UTF-8"?>
<!-- Generated by org.testng.reporters.JUnitReportReporter -->
<testsuite hostname="DESKTOP-726FUS1" failures="0" tests="1" name="test.com.GoogleSearchTest" time="9.186" errors="0" timestamp="20 Jan 2024 17:20:09 GMT">
  <testcase classname="test.com.GoogleSearchTest" name="testFacebook" time="9.186"/>
</testsuite> <!-- test.com.GoogleSearchTest -->
